rm -f ../../lib/isoform-common-1.0.jar
rm -rf bin
mkdir bin 
javac -cp "../lib/junit-4.8.1.jar" -d bin \
	src/main/java/edu/uconn/engr/dna/*/*.java ../isoform-common/src/main/java/edu/uconn/engr/dna/*/*/*.java  \
	src/main/java/edu/cornell/lassp/houle/RngPack/*.java 
jar -cvf ../../lib/isoform-common-1.0.jar  -C bin edu
added manifest
adding: edu/(in = 0) (out= 0)(stored 0%)
adding: edu/uconn/(in = 0) (out= 0)(stored 0%)
adding: edu/uconn/engr/(in = 0) (out= 0)(stored 0%)
adding: edu/uconn/engr/dna/(in = 0) (out= 0)(stored 0%)
adding: edu/uconn/engr/dna/probability/(in = 0) (out= 0)(stored 0%)
adding: edu/uconn/engr/dna/probability/UniformProbabilityDistribution.class(in = 940) (out= 526)(deflated 44%)
adding: edu/uconn/engr/dna/probability/CustomWeightProbabilityDistribution.class(in = 1155) (out= 598)(deflated 48%)
adding: edu/uconn/engr/dna/probability/MapProbabilityDistribution.class(in = 3555) (out= 1829)(deflated 48%)
adding: edu/uconn/engr/dna/probability/CumulativeProbabilityDistribution.class(in = 346) (out= 222)(deflated 35%)
adding: edu/uconn/engr/dna/probability/NormalProbabilityDistribution.class(in = 3453) (out= 1900)(deflated 44%)
adding: edu/uconn/engr/dna/probability/GeometricProbabilityDistribution.class(in = 1202) (out= 684)(deflated 43%)
adding: edu/uconn/engr/dna/probability/ProbabilityDistribution.class(in = 415) (out= 293)(deflated 29%)
adding: edu/uconn/engr/dna/genread/(in = 0) (out= 0)(stored 0%)
adding: edu/uconn/engr/dna/genread/io/(in = 0) (out= 0)(stored 0%)
adding: edu/uconn/engr/dna/genread/io/OutputWriter.class(in = 272) (out= 203)(deflated 25%)
adding: edu/uconn/engr/dna/sim/(in = 0) (out= 0)(stored 0%)
adding: edu/uconn/engr/dna/sim/Read.class(in = 1364) (out= 645)(deflated 52%)
adding: edu/uconn/engr/dna/sim/io/(in = 0) (out= 0)(stored 0%)
adding: edu/uconn/engr/dna/sim/io/DefaultOutputWriter.class(in = 2010) (out= 1032)(deflated 48%)
adding: edu/uconn/engr/dna/sim/format/(in = 0) (out= 0)(stored 0%)
adding: edu/uconn/engr/dna/sim/format/FixedNamingConvention.class(in = 472) (out= 296)(deflated 37%)
adding: edu/uconn/engr/dna/sim/format/FASTQReadFormatter.class(in = 1673) (out= 842)(deflated 49%)
adding: edu/uconn/engr/dna/sim/format/NamingConvention.class(in = 190) (out= 153)(deflated 19%)
adding: edu/uconn/engr/dna/sim/format/ReadFormatter.class(in = 254) (out= 172)(deflated 32%)
adding: edu/uconn/engr/dna/io/(in = 0) (out= 0)(stored 0%)
adding: edu/uconn/engr/dna/io/DefaultIsoformsParser.class(in = 3223) (out= 1659)(deflated 48%)
adding: edu/uconn/engr/dna/io/Parser.class(in = 323) (out= 202)(deflated 37%)
adding: edu/uconn/engr/dna/io/AbstractParser.class(in = 1443) (out= 832)(deflated 42%)
adding: edu/uconn/engr/dna/io/IsoformsParser.class(in = 402) (out= 227)(deflated 43%)
adding: edu/uconn/engr/dna/io/DefaultTwoFieldParser.class(in = 3020) (out= 1206)(deflated 60%)
adding: edu/uconn/engr/dna/io/DefaultClustersParser.class(in = 1816) (out= 980)(deflated 46%)
adding: edu/uconn/engr/dna/io/GenesAndIsoformsParser.class(in = 618) (out= 269)(deflated 56%)
adding: edu/uconn/engr/dna/io/GTFParser.class(in = 3886) (out= 1989)(deflated 48%)
adding: edu/uconn/engr/dna/io/GTFWriter.class(in = 1633) (out= 841)(deflated 48%)
adding: edu/uconn/engr/dna/sort/(in = 0) (out= 0)(stored 0%)
adding: edu/uconn/engr/dna/sort/ItemValueGetter.class(in = 259) (out= 176)(deflated 32%)
adding: edu/uconn/engr/dna/sort/Sorter.class(in = 287) (out= 179)(deflated 37%)
adding: edu/uconn/engr/dna/sort/RadixSorter.class(in = 2510) (out= 1473)(deflated 41%)
adding: edu/uconn/engr/dna/util/(in = 0) (out= 0)(stored 0%)
adding: edu/uconn/engr/dna/util/BatchThreadPoolExecutor$1.class(in = 969) (out= 439)(deflated 54%)
adding: edu/uconn/engr/dna/util/UniformBinaryOperator.class(in = 2003) (out= 624)(deflated 68%)
adding: edu/uconn/engr/dna/util/Utils.class(in = 16879) (out= 7642)(deflated 54%)
adding: edu/uconn/engr/dna/util/SamUtils.class(in = 3555) (out= 1855)(deflated 47%)
adding: edu/uconn/engr/dna/util/Utils$3.class(in = 1043) (out= 511)(deflated 51%)
adding: edu/uconn/engr/dna/util/TokenizerWithReplace.class(in = 2511) (out= 1127)(deflated 55%)
adding: edu/uconn/engr/dna/util/Intervals.class(in = 4828) (out= 2506)(deflated 48%)
adding: edu/uconn/engr/dna/util/EmptyIterator.class(in = 698) (out= 406)(deflated 41%)
adding: edu/uconn/engr/dna/util/PrimitiveDoubleArray.class(in = 705) (out= 470)(deflated 33%)
adding: edu/uconn/engr/dna/util/DefaultMultiMap.class(in = 2300) (out= 1063)(deflated 53%)
adding: edu/uconn/engr/dna/util/PrimitiveStringArray.class(in = 1398) (out= 741)(deflated 46%)
adding: edu/uconn/engr/dna/util/Triple.class(in = 1562) (out= 759)(deflated 51%)
adding: edu/uconn/engr/dna/util/EmUtils$1.class(in = 697) (out= 413)(deflated 40%)
adding: edu/uconn/engr/dna/util/DefaultSortedMultiMap.class(in = 1515) (out= 802)(deflated 47%)
adding: edu/uconn/engr/dna/util/StreamConverter.class(in = 1457) (out= 744)(deflated 48%)
adding: edu/uconn/engr/dna/util/SimpleTokenizer.class(in = 1705) (out= 918)(deflated 46%)
adding: edu/uconn/engr/dna/util/WeightedIntervals$WeightedIntervalHandler.class(in = 293) (out= 179)(deflated 38%)
adding: edu/uconn/engr/dna/util/Utils$1.class(in = 1084) (out= 519)(deflated 52%)
adding: edu/uconn/engr/dna/util/MultiMap.class(in = 711) (out= 330)(deflated 53%)
adding: edu/uconn/engr/dna/util/BatchThreadPoolExecutor.class(in = 6987) (out= 2570)(deflated 63%)
adding: edu/uconn/engr/dna/util/IntervalVisitor.class(in = 161) (out= 134)(deflated 16%)
adding: edu/uconn/engr/dna/util/ChainConverter.class(in = 864) (out= 451)(deflated 47%)
adding: edu/uconn/engr/dna/util/DefaultRandomAccessMap.class(in = 788) (out= 359)(deflated 54%)
adding: edu/uconn/engr/dna/util/UniformBinaryOperator$2.class(in = 1332) (out= 592)(deflated 55%)
adding: edu/uconn/engr/dna/util/CartesianProductIterable.class(in = 796) (out= 382)(deflated 52%)
adding: edu/uconn/engr/dna/util/RandomAccessMap.class(in = 673) (out= 323)(deflated 52%)
adding: edu/uconn/engr/dna/util/Pair.class(in = 1315) (out= 691)(deflated 47%)
adding: edu/uconn/engr/dna/util/SingleBatchThreadPoolExecutor$1.class(in = 1156) (out= 556)(deflated 51%)
adding: edu/uconn/engr/dna/util/EnhancedVector.class(in = 631) (out= 373)(deflated 40%)
adding: edu/uconn/engr/dna/util/UnionFindClustering$Node.class(in = 1579) (out= 664)(deflated 57%)
adding: edu/uconn/engr/dna/util/SortedMultiMap.class(in = 432) (out= 244)(deflated 43%)
adding: edu/uconn/engr/dna/util/ReadClassCompactAndClusterParameterRunnable$BreadCrumb.class(in = 2062) (out= 935)(deflated 54%)
adding: edu/uconn/engr/dna/util/BinaryOperator.class(in = 335) (out= 191)(deflated 42%)
adding: edu/uconn/engr/dna/util/TimingTool.class(in = 1406) (out= 758)(deflated 46%)
adding: edu/uconn/engr/dna/util/BatchThreadPoolExecutor$ItemRunnable.class(in = 1238) (out= 551)(deflated 55%)
adding: edu/uconn/engr/dna/util/SimpleRandomAccessMap.class(in = 786) (out= 359)(deflated 54%)
adding: edu/uconn/engr/dna/util/SingleBatchThreadPoolExecutor.class(in = 2665) (out= 946)(deflated 64%)
adding: edu/uconn/engr/dna/util/BatchThreadPoolExecutor$2.class(in = 828) (out= 417)(deflated 49%)
adding: edu/uconn/engr/dna/util/ParameterRunnableFactory$1.class(in = 1344) (out= 642)(deflated 52%)
adding: edu/uconn/engr/dna/util/LightArray.class(in = 3306) (out= 1325)(deflated 59%)
adding: edu/uconn/engr/dna/util/UniformBinaryOperator$4.class(in = 1235) (out= 627)(deflated 49%)
adding: edu/uconn/engr/dna/util/Converter.class(in = 344) (out= 213)(deflated 38%)
adding: edu/uconn/engr/dna/util/WeightedIntervalsMerger.class(in = 815) (out= 363)(deflated 55%)
adding: edu/uconn/engr/dna/util/Intervals$1.class(in = 1279) (out= 730)(deflated 42%)
adding: edu/uconn/engr/dna/util/UnionFindClustering.class(in = 4950) (out= 1982)(deflated 59%)
adding: edu/uconn/engr/dna/util/ReadClassCompactAndClusterParameterRunnable.class(in = 6392) (out= 2510)(deflated 60%)
adding: edu/uconn/engr/dna/util/UniformBinaryOperator$1.class(in = 762) (out= 409)(deflated 46%)
adding: edu/uconn/engr/dna/util/GroupedRandomAccessMap.class(in = 424) (out= 211)(deflated 50%)
adding: edu/uconn/engr/dna/util/Utils$2.class(in = 1084) (out= 518)(deflated 52%)
adding: edu/uconn/engr/dna/util/AbstractRandomAccessMap.class(in = 4538) (out= 2025)(deflated 55%)
adding: edu/uconn/engr/dna/util/UniformBinaryOperator$3.class(in = 916) (out= 468)(deflated 48%)
adding: edu/uconn/engr/dna/util/ByteString.class(in = 1024) (out= 640)(deflated 37%)
adding: edu/uconn/engr/dna/util/ReadClassCompactAndClusterParameterRunnable$Node.class(in = 1719) (out= 702)(deflated 59%)
adding: edu/uconn/engr/dna/util/EmUtils.class(in = 9750) (out= 4102)(deflated 57%)
adding: edu/uconn/engr/dna/util/WeightedIntervals.class(in = 1562) (out= 914)(deflated 41%)
adding: edu/uconn/engr/dna/util/ParameterRunnable.class(in = 331) (out= 202)(deflated 38%)
adding: edu/uconn/engr/dna/util/PrimitiveIntArray.class(in = 1281) (out= 712)(deflated 44%)
adding: edu/uconn/engr/dna/util/StringToDoubleRandomAccessMap.class(in = 969) (out= 453)(deflated 53%)
adding: edu/uconn/engr/dna/util/GenericHandler.class(in = 293) (out= 178)(deflated 39%)
adding: edu/uconn/engr/dna/util/ParameterRunnableFactory.class(in = 2092) (out= 915)(deflated 56%)
adding: edu/uconn/engr/dna/util/CompressedString.class(in = 1439) (out= 928)(deflated 35%)
adding: edu/uconn/engr/dna/util/CartesianProductIterator.class(in = 1985) (out= 1018)(deflated 48%)
adding: edu/uconn/engr/dna/format/(in = 0) (out= 0)(stored 0%)
adding: edu/uconn/engr/dna/format/GenerateGff.class(in = 3592) (out= 1859)(deflated 48%)
adding: edu/uconn/engr/dna/format/GenerateKnownGeneSequences.class(in = 4333) (out= 2328)(deflated 46%)
adding: edu/uconn/engr/dna/format/MemoryMapChromosomeSequences.class(in = 2755) (out= 1554)(deflated 43%)
adding: edu/uconn/engr/dna/format/TaggedSequences.class(in = 504) (out= 244)(deflated 51%)
adding: edu/uconn/engr/dna/format/ExtractClustersFromGTF.class(in = 2308) (out= 1268)(deflated 45%)
adding: edu/uconn/engr/dna/format/UniqIsoformSubSequences.class(in = 2016) (out= 1081)(deflated 46%)
adding: edu/uconn/engr/dna/format/GenerateKnownGeneSequencesExtended.class(in = 3665) (out= 1903)(deflated 48%)
adding: edu/uconn/engr/dna/format/AbstractTaggedSequencesFromFile.class(in = 2163) (out= 1253)(deflated 42%)
adding: edu/uconn/engr/dna/format/CoordinatesMapper.class(in = 3784) (out= 1989)(deflated 47%)
adding: edu/uconn/engr/dna/format/AbstractTaggedSequences.class(in = 1473) (out= 668)(deflated 54%)
adding: edu/uconn/engr/dna/format/Cluster.class(in = 1019) (out= 474)(deflated 53%)
adding: edu/uconn/engr/dna/format/NullConverter.class(in = 543) (out= 316)(deflated 41%)
adding: edu/uconn/engr/dna/format/CoordinatesMapper$1.class(in = 757) (out= 400)(deflated 47%)
adding: edu/uconn/engr/dna/format/DoubleConverter.class(in = 905) (out= 483)(deflated 46%)
adding: edu/uconn/engr/dna/format/IsoformSequencesFromGenome.class(in = 2180) (out= 1107)(deflated 49%)
adding: edu/uconn/engr/dna/format/Isoform.class(in = 1711) (out= 900)(deflated 47%)
adding: edu/uconn/engr/dna/format/IsoformSequencesFromFile.class(in = 2318) (out= 1274)(deflated 45%)
adding: edu/uconn/engr/dna/format/ChromosomeSequences.class(in = 1912) (out= 1041)(deflated 45%)
adding: edu/uconn/engr/dna/format/ExtrractUniqIsoformSubsequences.class(in = 1906) (out= 1051)(deflated 44%)
adding: edu/uconn/engr/dna/format/MemoryMapChromosomeSequencesByteStrings.class(in = 1925) (out= 1146)(deflated 40%)
adding: edu/uconn/engr/dna/format/Isoforms.class(in = 1907) (out= 896)(deflated 53%)
adding: edu/uconn/engr/dna/format/Clusters.class(in = 890) (out= 438)(deflated 50%)
adding: edu/uconn/engr/dna/random/(in = 0) (out= 0)(stored 0%)
adding: edu/uconn/engr/dna/random/ListRandomPicker.class(in = 1206) (out= 552)(deflated 54%)
adding: edu/uconn/engr/dna/random/RandomPicker.class(in = 289) (out= 177)(deflated 38%)
adding: edu/uconn/engr/dna/random/CustomWeightRandomPicker.class(in = 1697) (out= 695)(deflated 59%)
adding: edu/uconn/engr/dna/random/RangePicker.class(in = 1798) (out= 878)(deflated 51%)
adding: edu/uconn/engr/dna/random/MapRandomPicker.class(in = 999) (out= 452)(deflated 54%)
adding: edu/uconn/engr/dna/random/IsoformPicker.class(in = 1682) (out= 792)(deflated 52%)
adding: edu/uconn/engr/dna/random/CustomWeightIdPicker.class(in = 1735) (out= 742)(deflated 57%)
adding: edu/uconn/engr/dna/random/ClusterPicker.class(in = 1124) (out= 505)(deflated 55%)
adding: edu/cornell/(in = 0) (out= 0)(stored 0%)
adding: edu/cornell/lassp/(in = 0) (out= 0)(stored 0%)
adding: edu/cornell/lassp/houle/(in = 0) (out= 0)(stored 0%)
adding: edu/cornell/lassp/houle/RngPack/(in = 0) (out= 0)(stored 0%)
adding: edu/cornell/lassp/houle/RngPack/RandomSeedable.class(in = 450) (out= 291)(deflated 35%)
adding: edu/cornell/lassp/houle/RngPack/RandomElement.class(in = 1535) (out= 938)(deflated 38%)
adding: edu/cornell/lassp/houle/RngPack/Ranlux.class(in = 4925) (out= 2540)(deflated 48%)
adding: edu/cornell/lassp/houle/RngPack/Ranmar.class(in = 2015) (out= 1221)(deflated 39%)
adding: edu/cornell/lassp/houle/RngPack/RandomShuffle.class(in = 857) (out= 499)(deflated 41%)
adding: edu/cornell/lassp/houle/RngPack/RandomApp.class(in = 4219) (out= 2310)(deflated 45%)
adding: edu/cornell/lassp/houle/RngPack/RandomJava.class(in = 348) (out= 242)(deflated 30%)
adding: edu/cornell/lassp/houle/RngPack/Ranecu.class(in = 1413) (out= 846)(deflated 40%)
adding: edu/cornell/lassp/houle/RngPack/RanMT.class(in = 2282) (out= 1297)(deflated 43%)
adding: edu/cornell/lassp/houle/RngPack/RandomSynchronized.class(in = 1130) (out= 583)(deflated 48%)
rm -rf bin
rm -f ../../lib/isoform-accuracy-1.0.jar
rm -rf bin
mkdir bin 
javac -cp "../../lib/junit-4.8.1.jar:../../lib/jfreechart-1.0.13.jar:../../lib/jcommon-1.0.15.jar:../../lib/isoform-common-1.0.jar:../../lib/commons-math-2.0.jar" \
	-d bin \
	src/main/java/edu/uconn/engr/dna/*/*/*.java  \

jar -cvf ../../lib/isoform-accuracy-1.0.jar -C bin edu
added manifest
adding: edu/(in = 0) (out= 0)(stored 0%)
adding: edu/uconn/(in = 0) (out= 0)(stored 0%)
adding: edu/uconn/engr/(in = 0) (out= 0)(stored 0%)
adding: edu/uconn/engr/dna/(in = 0) (out= 0)(stored 0%)
adding: edu/uconn/engr/dna/isoem/(in = 0) (out= 0)(stored 0%)
adding: edu/uconn/engr/dna/isoem/accuracy/(in = 0) (out= 0)(stored 0%)
adding: edu/uconn/engr/dna/isoem/accuracy/DotPlotStartup.class(in = 3791) (out= 1952)(deflated 48%)
adding: edu/uconn/engr/dna/isoem/accuracy/LinePlotsStartup$ExpandRowsConverter.class(in = 1766) (out= 741)(deflated 58%)
adding: edu/uconn/engr/dna/isoem/accuracy/ErrorFractionWithPercentThreshold.class(in = 1921) (out= 1125)(deflated 41%)
adding: edu/uconn/engr/dna/isoem/accuracy/DataUtils$2.class(in = 1071) (out= 523)(deflated 51%)
adding: edu/uconn/engr/dna/isoem/accuracy/RSquare.class(in = 1001) (out= 645)(deflated 35%)
adding: edu/uconn/engr/dna/isoem/accuracy/StandardDeviationStartup.class(in = 1367) (out= 847)(deflated 38%)
adding: edu/uconn/engr/dna/isoem/accuracy/AverageRelativeErrorStartup.class(in = 1363) (out= 836)(deflated 38%)
adding: edu/uconn/engr/dna/isoem/accuracy/TabularData.class(in = 4895) (out= 2143)(deflated 56%)
adding: edu/uconn/engr/dna/isoem/accuracy/ErrorFractionWithMultiplePercentThreshold.class(in = 1757) (out= 1032)(deflated 41%)
adding: edu/uconn/engr/dna/isoem/accuracy/GeneLevelWithinFivePercentFromTrueStartup.class(in = 4354) (out= 2054)(deflated 52%)
adding: edu/uconn/engr/dna/isoem/accuracy/LinePlotsStartup$Column.class(in = 1544) (out= 735)(deflated 52%)
adding: edu/uconn/engr/dna/isoem/accuracy/DotPlotColorCodeStartup$1.class(in = 1193) (out= 639)(deflated 46%)
adding: edu/uconn/engr/dna/isoem/accuracy/ClusterSizeHistogramStartup.class(in = 3105) (out= 1623)(deflated 47%)
adding: edu/uconn/engr/dna/isoem/accuracy/WithinFivePercentStartup.class(in = 1362) (out= 850)(deflated 37%)
adding: edu/uconn/engr/dna/isoem/accuracy/DataUtils$1.class(in = 1092) (out= 533)(deflated 51%)
adding: edu/uconn/engr/dna/isoem/accuracy/CopyOfLinePlotsStartup$Algos.class(in = 1304) (out= 584)(deflated 55%)
adding: edu/uconn/engr/dna/isoem/accuracy/RelativeErrorPlotStartup$1.class(in = 1172) (out= 653)(deflated 44%)
adding: edu/uconn/engr/dna/isoem/accuracy/CorrelationStartup.class(in = 1082) (out= 647)(deflated 40%)
adding: edu/uconn/engr/dna/isoem/accuracy/DotPlotColorCodeStartup.class(in = 5554) (out= 2726)(deflated 50%)
adding: edu/uconn/engr/dna/isoem/accuracy/LongConverter.class(in = 899) (out= 489)(deflated 45%)
adding: edu/uconn/engr/dna/isoem/accuracy/CopyOfLinePlotsStartup$Column.class(in = 1646) (out= 772)(deflated 53%)
adding: edu/uconn/engr/dna/isoem/accuracy/ChainConverter.class(in = 1234) (out= 630)(deflated 48%)
adding: edu/uconn/engr/dna/isoem/accuracy/GeneLevelCorrelationStartup.class(in = 4178) (out= 1912)(deflated 54%)
adding: edu/uconn/engr/dna/isoem/accuracy/AveragePercentError.class(in = 1410) (out= 867)(deflated 38%)
adding: edu/uconn/engr/dna/isoem/accuracy/IsoformAmbiguity.class(in = 2428) (out= 1358)(deflated 44%)
adding: edu/uconn/engr/dna/isoem/accuracy/CopyOfLinePlotsStartup$Alignments.class(in = 1247) (out= 542)(deflated 56%)
adding: edu/uconn/engr/dna/isoem/accuracy/RelativeErrorPlotStartup.class(in = 4301) (out= 2267)(deflated 47%)
adding: edu/uconn/engr/dna/isoem/accuracy/CopyOfLinePlotsStartup$ChangeUniqToOldUniqConverter.class(in = 2064) (out= 811)(deflated 60%)
adding: edu/uconn/engr/dna/isoem/accuracy/CopyOfLinePlotsStartup$IgnoreRowsConverter.class(in = 2120) (out= 789)(deflated 62%)
adding: edu/uconn/engr/dna/isoem/accuracy/CopyOfLinePlotsStartup$1.class(in = 1749) (out= 778)(deflated 55%)
adding: edu/uconn/engr/dna/isoem/accuracy/ErrorFractionWithPercentThresholdNorm.class(in = 548) (out= 339)(deflated 38%)
adding: edu/uconn/engr/dna/isoem/accuracy/DotPlotStartup$1.class(in = 1109) (out= 625)(deflated 43%)
adding: edu/uconn/engr/dna/isoem/accuracy/DataUtils.class(in = 10167) (out= 4832)(deflated 52%)
adding: edu/uconn/engr/dna/isoem/accuracy/CopyOfLinePlotsStartup.class(in = 10820) (out= 4305)(deflated 60%)
adding: edu/uconn/engr/dna/isoem/accuracy/CreateGeneIsoWeights.class(in = 1776) (out= 928)(deflated 47%)
adding: edu/uconn/engr/dna/isoem/accuracy/RSquareByIntervals.class(in = 1442) (out= 820)(deflated 43%)
adding: edu/uconn/engr/dna/isoem/accuracy/CopyOfLinePlotsStartup$ExpandRowsConverter.class(in = 2885) (out= 1209)(deflated 58%)
adding: edu/uconn/engr/dna/isoem/accuracy/MedianPercentErrorNorm.class(in = 503) (out= 326)(deflated 35%)
adding: edu/uconn/engr/dna/isoem/accuracy/CopyOfLinePlotsStartup$IgnoreOldRowsConverter.class(in = 2082) (out= 777)(deflated 62%)
adding: edu/uconn/engr/dna/isoem/accuracy/AbstractAccurracyMeasurement.class(in = 5959) (out= 2803)(deflated 52%)
adding: edu/uconn/engr/dna/isoem/accuracy/MedianPercentError.class(in = 1852) (out= 1094)(deflated 40%)
adding: edu/uconn/engr/dna/isoem/accuracy/CorrelationByIntervals.class(in = 1346) (out= 768)(deflated 42%)
adding: edu/uconn/engr/dna/isoem/accuracy/LinePlotsStartup.class(in = 9557) (out= 3996)(deflated 58%)
adding: edu/uconn/engr/dna/isoem/accuracy/LinePlotsStartup$1.class(in = 1701) (out= 770)(deflated 54%)
adding: edu/uconn/engr/dna/isoem/accuracy/EnumConverter.class(in = 1089) (out= 556)(deflated 48%)
rm -rf bin
rm -f ../../lib/isoform-em-1.0.jar
rm -rf bin
mkdir bin 
javac -Xlint -cp "../../lib/junit-4.8.1.jar:../../lib/jopt-simple-3.2.jar:../../lib/log4j-1.2.14.jar:../../lib/isoform-common-1.0.jar:../../lib/isoform-accuracy-1.0.jar" \
	-d bin \
	src/main/java/edu/uconn/engr/dna/*/*.java src/main/java/edu/uconn/engr/dna/*/*/*.java 
jar -cvfe ../../lib/isoform-em-1.0.jar edu.uconn.engr.dna.isoem.Startup -C bin edu 
added manifest
adding: edu/(in = 0) (out= 0)(stored 0%)
adding: edu/uconn/(in = 0) (out= 0)(stored 0%)
adding: edu/uconn/engr/(in = 0) (out= 0)(stored 0%)
adding: edu/uconn/engr/dna/(in = 0) (out= 0)(stored 0%)
adding: edu/uconn/engr/dna/isoem/(in = 0) (out= 0)(stored 0%)
adding: edu/uconn/engr/dna/isoem/CoordType.class(in = 929) (out= 489)(deflated 47%)
adding: edu/uconn/engr/dna/isoem/AbstractLineSweepAlgo2.class(in = 3100) (out= 1461)(deflated 52%)
adding: edu/uconn/engr/dna/isoem/IsoformCoverageStartup$1.class(in = 1332) (out= 655)(deflated 50%)
adding: edu/uconn/engr/dna/isoem/IsoEmFlowWithKnownProbabilityDistribution.class(in = 4722) (out= 1912)(deflated 59%)
adding: edu/uconn/engr/dna/isoem/Coord.class(in = 2812) (out= 1205)(deflated 57%)
adding: edu/uconn/engr/dna/isoem/ReadCoordinatesBean.class(in = 1176) (out= 531)(deflated 54%)
adding: edu/uconn/engr/dna/isoem/IsoEMFlow.class(in = 325) (out= 222)(deflated 31%)
adding: edu/uconn/engr/dna/isoem/FastWeightedEmAlgorithm.class(in = 3484) (out= 1882)(deflated 45%)
adding: edu/uconn/engr/dna/isoem/ReadCoordinatesBean2.class(in = 1046) (out= 484)(deflated 53%)
adding: edu/uconn/engr/dna/isoem/NamedCoordWithStoredLastGap.class(in = 520) (out= 306)(deflated 41%)
adding: edu/uconn/engr/dna/isoem/SingleThreadedConvertSamFromIsoformToGenomeCoord.class(in = 1847) (out= 960)(deflated 48%)
adding: edu/uconn/engr/dna/isoem/Startup$3.class(in = 1076) (out= 491)(deflated 54%)
adding: edu/uconn/engr/dna/isoem/WeightedEMAlgorithm.class(in = 5500) (out= 2731)(deflated 50%)
adding: edu/uconn/engr/dna/isoem/IsoEMFlowTool.class(in = 11978) (out= 4752)(deflated 60%)
adding: edu/uconn/engr/dna/isoem/CoordSignatureIsoCollection.class(in = 4851) (out= 2097)(deflated 56%)
adding: edu/uconn/engr/dna/isoem/EmParams$CommandLineArgsType$3.class(in = 1169) (out= 611)(deflated 47%)
adding: edu/uconn/engr/dna/isoem/IsoEMFlowAutoProbabilityDistribution$2.class(in = 1919) (out= 646)(deflated 66%)
adding: edu/uconn/engr/dna/isoem/IsoformCoverageStartup.class(in = 13942) (out= 6250)(deflated 55%)
adding: edu/uconn/engr/dna/isoem/EmParams.class(in = 3261) (out= 1480)(deflated 54%)
adding: edu/uconn/engr/dna/isoem/SamIsoformToGenomeConverter$VisitorForGenomeCigar.class(in = 1440) (out= 765)(deflated 46%)
adding: edu/uconn/engr/dna/isoem/IsoformCoverageOptionParser.class(in = 4746) (out= 1577)(deflated 66%)
adding: edu/uconn/engr/dna/isoem/EmParams$CommandLineArgs.class(in = 2459) (out= 1090)(deflated 55%)
adding: edu/uconn/engr/dna/isoem/Coord2.class(in = 593) (out= 353)(deflated 40%)
adding: edu/uconn/engr/dna/isoem/ReadIdMapper.class(in = 546) (out= 255)(deflated 53%)
adding: edu/uconn/engr/dna/isoem/Startup$1.class(in = 1086) (out= 494)(deflated 54%)
adding: edu/uconn/engr/dna/isoem/ReadClass.class(in = 607) (out= 348)(deflated 42%)
adding: edu/uconn/engr/dna/isoem/ConvertSamFromIsoformToGenomeCoord$IsoToGenomeParameterRunnable.class(in = 3055) (out= 1483)(deflated 51%)
adding: edu/uconn/engr/dna/isoem/ArrayIsoformList$EntryIterator2.class(in = 1951) (out= 948)(deflated 51%)
adding: edu/uconn/engr/dna/isoem/DefaultReadClassCollection.class(in = 1308) (out= 669)(deflated 48%)
adding: edu/uconn/engr/dna/isoem/LineSweepTask.class(in = 2868) (out= 1062)(deflated 62%)
adding: edu/uconn/engr/dna/isoem/Gap.class(in = 1063) (out= 635)(deflated 40%)
adding: edu/uconn/engr/dna/isoem/SignatureCollection.class(in = 348) (out= 183)(deflated 47%)
adding: edu/uconn/engr/dna/isoem/IsoformCoverageFlow.class(in = 3846) (out= 1329)(deflated 65%)
adding: edu/uconn/engr/dna/isoem/processor/(in = 0) (out= 0)(stored 0%)
adding: edu/uconn/engr/dna/isoem/processor/SamFlagsInterpreter.class(in = 942) (out= 520)(deflated 44%)
adding: edu/uconn/engr/dna/isoem/processor/CoordToIsoformListForAlignmentsParameterRunnable2$1.class(in = 1228) (out= 532)(deflated 56%)
adding: edu/uconn/engr/dna/isoem/processor/SamLinesToCoordParameterRunnable2.class(in = 12821) (out= 6418)(deflated 49%)
adding: edu/uconn/engr/dna/isoem/processor/EmParameterRunnable.class(in = 1925) (out= 841)(deflated 56%)
adding: edu/uconn/engr/dna/isoem/processor/CoordSorterParameterRunnable.class(in = 2196) (out= 966)(deflated 56%)
adding: edu/uconn/engr/dna/isoem/processor/CoordSorterParameterRunnable$1.class(in = 1283) (out= 558)(deflated 56%)
adding: edu/uconn/engr/dna/isoem/processor/NormalizeIsoformListsParameterRunnable.class(in = 1991) (out= 909)(deflated 54%)
adding: edu/uconn/engr/dna/isoem/processor/AlignmentToReadConverter.class(in = 2714) (out= 1332)(deflated 50%)
adding: edu/uconn/engr/dna/isoem/processor/CoordToIsoformCoverageParameterRunnable.class(in = 5718) (out= 2637)(deflated 53%)
adding: edu/uconn/engr/dna/isoem/processor/SamLinesToCoordParameterRunnable.class(in = 12114) (out= 5863)(deflated 51%)
adding: edu/uconn/engr/dna/isoem/processor/KmerCounter.class(in = 4054) (out= 1999)(deflated 50%)
adding: edu/uconn/engr/dna/isoem/processor/CoordToIsoformListForAlignmentsParameterRunnable2.class(in = 8664) (out= 3999)(deflated 53%)
adding: edu/uconn/engr/dna/isoem/processor/CountFragmentsForUniqueReads.class(in = 4254) (out= 2035)(deflated 52%)
adding: edu/uconn/engr/dna/isoem/processor/ChangeFragmentLengthToProbability.class(in = 2846) (out= 1296)(deflated 54%)
adding: edu/uconn/engr/dna/isoem/SortedReadsInfoMapper.class(in = 2154) (out= 1009)(deflated 53%)
adding: edu/uconn/engr/dna/isoem/IsoformCoordSorter.class(in = 1016) (out= 462)(deflated 54%)
adding: edu/uconn/engr/dna/isoem/ThreadPooledSamParser.class(in = 4399) (out= 2141)(deflated 51%)
adding: edu/uconn/engr/dna/isoem/CoordParser.class(in = 354) (out= 225)(deflated 36%)
adding: edu/uconn/engr/dna/isoem/IsoEMFlowTool$1.class(in = 1274) (out= 582)(deflated 54%)
adding: edu/uconn/engr/dna/isoem/DatasetParameters.class(in = 1874) (out= 918)(deflated 51%)
adding: edu/uconn/engr/dna/isoem/IsoEMFlowAutoProbabilityDistribution$1.class(in = 1922) (out= 699)(deflated 63%)
adding: edu/uconn/engr/dna/isoem/Startup$2.class(in = 1075) (out= 493)(deflated 54%)
adding: edu/uconn/engr/dna/isoem/Startup.class(in = 11077) (out= 5440)(deflated 50%)
adding: edu/uconn/engr/dna/isoem/EmForUniq.class(in = 1119) (out= 645)(deflated 42%)
adding: edu/uconn/engr/dna/isoem/CoordsSorter$1.class(in = 847) (out= 428)(deflated 49%)
adding: edu/uconn/engr/dna/isoem/IsoformCoverageStartup$BedWritingIntervalHandler$IntervalVisitorWithWeight.class(in = 1799) (out= 727)(deflated 59%)
adding: edu/uconn/engr/dna/isoem/IsoformsCollection.class(in = 751) (out= 325)(deflated 56%)
adding: edu/uconn/engr/dna/isoem/ArrayIsoformList$IsoformListEntry.class(in = 1084) (out= 498)(deflated 54%)
adding: edu/uconn/engr/dna/isoem/ReadInfoMapper.class(in = 274) (out= 181)(deflated 33%)
adding: edu/uconn/engr/dna/isoem/ArrayIsoformList$1$1.class(in = 1354) (out= 629)(deflated 53%)
adding: edu/uconn/engr/dna/isoem/DuplicatesRemovingConverter.class(in = 2834) (out= 1309)(deflated 53%)
adding: edu/uconn/engr/dna/isoem/IsoformList$Entry.class(in = 306) (out= 215)(deflated 29%)
adding: edu/uconn/engr/dna/isoem/IsoformList.class(in = 732) (out= 364)(deflated 50%)
adding: edu/uconn/engr/dna/isoem/ReadClassPartitionAlgo.class(in = 554) (out= 268)(deflated 51%)
adding: edu/uconn/engr/dna/isoem/IsoEmOptionParser.class(in = 9459) (out= 3246)(deflated 65%)
adding: edu/uconn/engr/dna/isoem/IsoEMFlowAutoProbabilityDistribution.class(in = 5732) (out= 2162)(deflated 62%)
adding: edu/uconn/engr/dna/isoem/SortedReadsIdMapper.class(in = 2120) (out= 951)(deflated 55%)
adding: edu/uconn/engr/dna/isoem/IsoEmFlowWithKnownProbabilityDistribution$1.class(in = 2292) (out= 758)(deflated 66%)
adding: edu/uconn/engr/dna/isoem/SamIsoformToGenomeConverter.class(in = 7766) (out= 3939)(deflated 49%)
adding: edu/uconn/engr/dna/isoem/GenomeCoordConverterReader.class(in = 914) (out= 515)(deflated 43%)
adding: edu/uconn/engr/dna/isoem/Signature.class(in = 409) (out= 247)(deflated 39%)
adding: edu/uconn/engr/dna/isoem/SortedReadsInfoMap.class(in = 3986) (out= 1682)(deflated 57%)
adding: edu/uconn/engr/dna/isoem/ArrayIsoformList$1.class(in = 871) (out= 425)(deflated 51%)
adding: edu/uconn/engr/dna/isoem/DefaultSignature.class(in = 1656) (out= 866)(deflated 47%)
adding: edu/uconn/engr/dna/isoem/IsoformCoverageStartup$2.class(in = 1084) (out= 510)(deflated 52%)
adding: edu/uconn/engr/dna/isoem/EmParams$CommandLineArgsType$1.class(in = 1191) (out= 635)(deflated 46%)
adding: edu/uconn/engr/dna/isoem/IsoformCoverageFlow$1.class(in = 1900) (out= 641)(deflated 66%)
adding: edu/uconn/engr/dna/isoem/IsoList.class(in = 3112) (out= 1592)(deflated 48%)
adding: edu/uconn/engr/dna/isoem/ArrayIsoformList.class(in = 6301) (out= 2991)(deflated 52%)
adding: edu/uconn/engr/dna/isoem/EmParams$CommandLineArgsType$4.class(in = 2996) (out= 1505)(deflated 49%)
adding: edu/uconn/engr/dna/isoem/CoordsSorter.class(in = 1000) (out= 452)(deflated 54%)
adding: edu/uconn/engr/dna/isoem/NamedCoord.class(in = 533) (out= 292)(deflated 45%)
adding: edu/uconn/engr/dna/isoem/IsoformAlignmentsBean.class(in = 884) (out= 414)(deflated 53%)
adding: edu/uconn/engr/dna/isoem/IsoformListsBean.class(in = 771) (out= 406)(deflated 47%)
adding: edu/uconn/engr/dna/isoem/EmParams$CommandLineArgsType.class(in = 1821) (out= 756)(deflated 58%)
adding: edu/uconn/engr/dna/isoem/EmParams$1.class(in = 225) (out= 165)(deflated 26%)
adding: edu/uconn/engr/dna/isoem/SortedReadsInfoMap$ReadInfo.class(in = 929) (out= 504)(deflated 45%)
adding: edu/uconn/engr/dna/isoem/EmUtils.class(in = 4458) (out= 1869)(deflated 58%)
adding: edu/uconn/engr/dna/isoem/EMAlgorithm.class(in = 352) (out= 227)(deflated 35%)
adding: edu/uconn/engr/dna/isoem/CoordSignatureCollection.class(in = 1131) (out= 500)(deflated 55%)
adding: edu/uconn/engr/dna/isoem/SortedReadsRecentReadsCache$AlignmentBean.class(in = 1305) (out= 737)(deflated 43%)
adding: edu/uconn/engr/dna/isoem/FastWeightedEmAlgorithm$PreprocData.class(in = 2986) (out= 1548)(deflated 48%)
adding: edu/uconn/engr/dna/isoem/IsoformCoordSorter$1.class(in = 962) (out= 493)(deflated 48%)
adding: edu/uconn/engr/dna/isoem/IsoEMFlowTool$2.class(in = 1161) (out= 549)(deflated 52%)
adding: edu/uconn/engr/dna/isoem/RecentReadsCache.class(in = 278) (out= 171)(deflated 38%)
adding: edu/uconn/engr/dna/isoem/ReadClassCollection.class(in = 363) (out= 215)(deflated 40%)
adding: edu/uconn/engr/dna/isoem/alignment/(in = 0) (out= 0)(stored 0%)
adding: edu/uconn/engr/dna/isoem/alignment/AlignmentId.class(in = 908) (out= 557)(deflated 38%)
adding: edu/uconn/engr/dna/isoem/alignment/PairAlignmentId.class(in = 562) (out= 374)(deflated 33%)
adding: edu/uconn/engr/dna/isoem/ReadInfo.class(in = 858) (out= 429)(deflated 50%)
adding: edu/uconn/engr/dna/isoem/Startup$EmAlgoType.class(in = 1264) (out= 621)(deflated 50%)
adding: edu/uconn/engr/dna/isoem/SortedReadsRecentReadsCache.class(in = 1631) (out= 792)(deflated 51%)
adding: edu/uconn/engr/dna/isoem/IsoEMFlowTool$RepeatIsoMapper.class(in = 1760) (out= 915)(deflated 48%)
adding: edu/uconn/engr/dna/isoem/ConvertSamFromIsoformToGenomeCoord.class(in = 2489) (out= 1292)(deflated 48%)
adding: edu/uconn/engr/dna/isoem/IsoformListClusteringAlgo.class(in = 495) (out= 241)(deflated 51%)
adding: edu/uconn/engr/dna/isoem/EmParams$CommandLineArgsType$2.class(in = 693) (out= 372)(deflated 46%)
adding: edu/uconn/engr/dna/isoem/EMTaskResult.class(in = 2253) (out= 798)(deflated 64%)
adding: edu/uconn/engr/dna/isoem/WeightedEMAlgorithm$1.class(in = 986) (out= 498)(deflated 49%)
adding: edu/uconn/engr/dna/isoem/IsoformCoverageStartup$BedWritingIntervalHandler.class(in = 2431) (out= 894)(deflated 63%)
adding: edu/uconn/engr/dna/util/(in = 0) (out= 0)(stored 0%)
adding: edu/uconn/engr/dna/util/PositionDataTool.class(in = 7219) (out= 3342)(deflated 53%)
adding: edu/uconn/engr/dna/util/ConcatenableLinkedList.class(in = 2716) (out= 1097)(deflated 59%)
adding: edu/uconn/engr/dna/util/ConcatenableLinkedList$Node.class(in = 1070) (out= 448)(deflated 58%)
adding: edu/uconn/engr/dna/util/ArrayLineReader.class(in = 1491) (out= 891)(deflated 40%)
adding: edu/uconn/engr/dna/util/PositionData.class(in = 2771) (out= 1593)(deflated 42%)
adding: edu/uconn/engr/dna/util/PositionDataTool$2.class(in = 1281) (out= 614)(deflated 52%)
adding: edu/uconn/engr/dna/util/PositionDataTool$1.class(in = 1200) (out= 491)(deflated 59%)
adding: edu/uconn/engr/dna/util/ArrayCharSequence.class(in = 1486) (out= 894)(deflated 39%)
adding: edu/uconn/engr/dna/util/ConcatenableLinkedList$NodeIterator.class(in = 1557) (out= 728)(deflated 53%)
adding: edu/uconn/engr/dna/util/PositionDataTool$3.class(in = 1721) (out= 852)(deflated 50%)
rm -rf bin
rm -f ../../lib/isoform-em-1.0.jar
rm -rf bin
mkdir bin 
javac -d bin src/main/java/edu/uconn/engr/dna/*/*.java 
jar -cvfe ../../lib/SimTools.jar edu.uconn.engr.dna.SimTools.main.FastatoGTF -C bin edu 
added manifest
adding: edu/(in = 0) (out= 0)(stored 0%)
adding: edu/uconn/(in = 0) (out= 0)(stored 0%)
adding: edu/uconn/engr/(in = 0) (out= 0)(stored 0%)
adding: edu/uconn/engr/dna/(in = 0) (out= 0)(stored 0%)
adding: edu/uconn/engr/dna/common/(in = 0) (out= 0)(stored 0%)
adding: edu/uconn/engr/dna/common/Utils.class(in = 1879) (out= 1058)(deflated 43%)
adding: edu/uconn/engr/dna/common/RandomAccessMap.class(in = 854) (out= 414)(deflated 51%)
adding: edu/uconn/engr/dna/common/SimpleRandomAccessMap.class(in = 2817) (out= 1298)(deflated 53%)
adding: edu/uconn/engr/dna/main/(in = 0) (out= 0)(stored 0%)
adding: edu/uconn/engr/dna/main/Read.class(in = 2561) (out= 1102)(deflated 56%)
adding: edu/uconn/engr/dna/main/FastatoGTF.class(in = 758) (out= 477)(deflated 37%)
adding: edu/uconn/engr/dna/main/PositionScoreFreq.class(in = 2807) (out= 1309)(deflated 53%)
adding: edu/uconn/engr/dna/main/Entry.class(in = 839) (out= 522)(deflated 37%)
adding: edu/uconn/engr/dna/main/Scores.class(in = 837) (out= 512)(deflated 38%)
adding: edu/uconn/engr/dna/main/Simulator.class(in = 2860) (out= 1361)(deflated 52%)
adding: edu/uconn/engr/dna/main/Reads.class(in = 810) (out= 500)(deflated 38%)
adding: edu/uconn/engr/dna/main/InsertSNPs.class(in = 1821) (out= 922)(deflated 49%)
adding: edu/uconn/engr/dna/probability/(in = 0) (out= 0)(stored 0%)
adding: edu/uconn/engr/dna/probability/BinomialDistribution.class(in = 245) (out= 199)(deflated 18%)
adding: edu/uconn/engr/dna/probability/UniformProbabilityDistribution.class(in = 265) (out= 203)(deflated 23%)
adding: edu/uconn/engr/dna/probability/CustomWeightProbabilityDistribution.class(in = 1155) (out= 599)(deflated 48%)
adding: edu/uconn/engr/dna/probability/DefaultRandomPicker.class(in = 1525) (out= 609)(deflated 60%)
adding: edu/uconn/engr/dna/probability/RandomPicker.class(in = 294) (out= 184)(deflated 37%)
adding: edu/uconn/engr/dna/probability/RangePicker.class(in = 1861) (out= 870)(deflated 53%)
adding: edu/uconn/engr/dna/probability/CustomWeightItemPicker.class(in = 1486) (out= 600)(deflated 59%)
adding: edu/uconn/engr/dna/probability/CumulativeProbabilityDistribution.class(in = 346) (out= 222)(deflated 35%)
adding: edu/uconn/engr/dna/probability/ProbabilityDistribution.class(in = 415) (out= 293)(deflated 29%)
adding: edu/uconn/engr/dna/io/(in = 0) (out= 0)(stored 0%)
adding: edu/uconn/engr/dna/io/Parser.class(in = 317) (out= 198)(deflated 37%)
adding: edu/uconn/engr/dna/io/AbstractParser.class(in = 1453) (out= 833)(deflated 42%)
adding: edu/uconn/engr/dna/io/ReadParser.class(in = 381) (out= 215)(deflated 43%)
adding: edu/uconn/engr/dna/io/ScoreDistribParser.class(in = 2852) (out= 1438)(deflated 49%)
adding: edu/uconn/engr/dna/io/MismatchRatesParser.class(in = 2727) (out= 1356)(deflated 50%)
adding: edu/uconn/engr/dna/io/FastqReadParser.class(in = 4008) (out= 1938)(deflated 51%)
adding: edu/uconn/engr/dna/io/FastatoGTFParser.class(in = 2356) (out= 1285)(deflated 45%)
adding: edu/uconn/engr/dna/io/FastaParser.class(in = 3001) (out= 1515)(deflated 49%)
rm -rf bin
